Gazebo multi-robot simulator, version 11.15.1
Copyright (C) 2012 Open Source Robotics Foundation.
Released under the Apache 2 License.
http://gazebosim.org


(1745484093 161014523) [Msg] Waiting for master.
(1745484093 167757253) [Msg] Connected to gazebo master @ http://127.0.0.1:11345
(1745484093 167774295) [Msg] Publicized address: 192.168.0.7
(1745484093 168431884) Loaded .ini file from: "/home/larry/.gazebo/gui.ini"
(1745484093 700584539) [Err] [InsertModelWidget.cc:403] Missing model.config for model "/home/larry/catkin_ws/src/turtlebot3_simulations/turtlebot3_gazebo/models/turtlebot3_autorace"
(1745484093 700664790) model.config file is missing in directory["/home/larry/catkin_ws/src/turtlebot3_simulations/turtlebot3_gazebo/models/turtlebot3_autorace"]
(1745484093 701137294) [Err] [InsertModelWidget.cc:403] Missing model.config for model "/home/larry/catkin_ws/src/turtlebot3_simulations/turtlebot3_gazebo/models/turtlebot3_autorace_2020"
(1745484093 701203420) model.config file is missing in directory["/home/larry/catkin_ws/src/turtlebot3_simulations/turtlebot3_gazebo/models/turtlebot3_autorace_2020"]
(1745484093 702394931) [Err] [InsertModelWidget.cc:403] Missing model.config for model "/home/larry/catkin_ws/src/turtlebot3_simulations/turtlebot3_gazebo/models/turtlebot3_common_meshes"
(1745484093 702476932) model.config file is missing in directory["/home/larry/catkin_ws/src/turtlebot3_simulations/turtlebot3_gazebo/models/turtlebot3_common_meshes"]
(1745484095 485799792) No spacenav daemon found. Spacenav functionality is disabled
(1745484114 813314147) [Err] [JointControlWidget.cc:393] Error advertising topic [/turtlebot3_waffle/joint_cmd]
(1745484144 607893267) [Err] [JointControlWidget.cc:393] Error advertising topic [/turtlebot3_waffle/joint_cmd]
(1745485701 742002149) [Err] [JointControlWidget.cc:393] Error advertising topic [/turtlebot3_waffle/joint_cmd]
(1745485841 718488426) [Err] [JointControlWidget.cc:393] Error advertising topic [/turtlebot3_waffle/joint_cmd]
(1745486157 149186934) [Err] [JointControlWidget.cc:393] Error advertising topic [/turtlebot3_waffle/joint_cmd]
(1745486250 455755592) [Err] [JointControlWidget.cc:393] Error advertising topic [/turtlebot3_waffle/joint_cmd]
(1745486261 945341554) [Err] [JointControlWidget.cc:393] Error advertising topic [/maze_model/joint_cmd]
(1745486294 136577711) [Err] [JointControlWidget.cc:393] Error advertising topic [/turtlebot3_waffle/joint_cmd]
(1745487388 471998871) [Err] [JointControlWidget.cc:393] Error advertising topic [/turtlebot3_waffle/joint_cmd]
(1745487474 843438451) [Err] [JointControlWidget.cc:393] Error advertising topic [/turtlebot3_waffle/joint_cmd]
(1745487865 340710765) [Err] [JointControlWidget.cc:393] Error advertising topic [/turtlebot3_waffle/joint_cmd]
(1745487882 662078158) [Err] [JointControlWidget.cc:393] Error advertising topic [/turtlebot3_waffle/joint_cmd]
(1745488079 420410786) [Err] [JointControlWidget.cc:393] Error advertising topic [/turtlebot3_waffle/joint_cmd]
(1745488164 581137527) [Err] [JointControlWidget.cc:393] Error advertising topic [/turtlebot3_waffle/joint_cmd]
(1745488176 447340077) [Err] [JointControlWidget.cc:393] Error advertising topic [/turtlebot3_waffle/joint_cmd]
(1745488269 436796266) [Err] [JointControlWidget.cc:393] Error advertising topic [/turtlebot3_waffle/joint_cmd]
(1745488274 795359608) [Err] [JointControlWidget.cc:393] Error advertising topic [/turtlebot3_waffle/joint_cmd]
(1745488632 506179742) [Err] [JointControlWidget.cc:393] Error advertising topic [/turtlebot3_waffle/joint_cmd]
(1745488656 836396796) [Err] [JointControlWidget.cc:393] Error advertising topic [/turtlebot3_waffle/joint_cmd]
(1745488703 42116023) [Err] [JointControlWidget.cc:393] Error advertising topic [/turtlebot3_waffle/joint_cmd]
(1745488777 117748045) [Err] [JointControlWidget.cc:393] Error advertising topic [/turtlebot3_waffle/joint_cmd]
(1745488796 442464582) [Err] [JointControlWidget.cc:393] Error advertising topic [/turtlebot3_waffle/joint_cmd]
(1745488956 538467794) [Err] [JointControlWidget.cc:393] Error advertising topic [/turtlebot3_waffle/joint_cmd]
(1745489178 582010927) [Err] [JointControlWidget.cc:393] Error advertising topic [/turtlebot3_waffle/joint_cmd]
(1745489243 232402126) [Err] [JointControlWidget.cc:393] Error advertising topic [/maze_model/joint_cmd]
(1745489562 275277464) [Err] [JointControlWidget.cc:393] Error advertising topic [/turtlebot3_waffle/joint_cmd]
(1745489578 455733350) [Err] [JointControlWidget.cc:393] Error advertising topic [/turtlebot3_waffle/joint_cmd]
(1745489708 488000534) [Err] [JointControlWidget.cc:393] Error advertising topic [/turtlebot3_waffle/joint_cmd]
(1745489719 301911017) [Err] [JointControlWidget.cc:393] Error advertising topic [/turtlebot3_waffle/joint_cmd]
(1745489871 146873858) [Err] [JointControlWidget.cc:393] Error advertising topic [/turtlebot3_waffle/joint_cmd]
(1745490006 257601625) [Err] [JointControlWidget.cc:393] Error advertising topic [/turtlebot3_waffle/joint_cmd]
(1745490671 373752257) [Err] [JointControlWidget.cc:393] Error advertising topic [/turtlebot3_waffle/joint_cmd]
(1745491101 280416937) [Err] [JointControlWidget.cc:393] Error advertising topic [/turtlebot3_waffle/joint_cmd]
(1745491121 215652827) [Err] [JointControlWidget.cc:393] Error advertising topic [/turtlebot3_waffle/joint_cmd]
(1745491237 858732600) [Err] [JointControlWidget.cc:393] Error advertising topic [/turtlebot3_waffle/joint_cmd]
(1745491256 261127177) [Err] [JointControlWidget.cc:393] Error advertising topic [/turtlebot3_waffle/joint_cmd]
(1745491435 781139541) [Err] [JointControlWidget.cc:393] Error advertising topic [/turtlebot3_waffle/joint_cmd]
(1745491447 410856206) [Err] [JointControlWidget.cc:393] Error advertising topic [/turtlebot3_waffle/joint_cmd]
(1745491458 265136951) [Err] [JointControlWidget.cc:393] Error advertising topic [/turtlebot3_waffle/joint_cmd]
(1745491534 816011386) [Err] [JointControlWidget.cc:393] Error advertising topic [/maze_model/joint_cmd]
(1745491766 365021158) [Err] [JointControlWidget.cc:393] Error advertising topic [/turtlebot3_waffle/joint_cmd]
(1745491768 710331953) [Err] [JointControlWidget.cc:393] Error advertising topic [/turtlebot3_waffle/joint_cmd]
(1745491808 546361886) [Err] [JointControlWidget.cc:393] Error advertising topic [/turtlebot3_waffle/joint_cmd]
(1745491814 645727439) [Err] [JointControlWidget.cc:393] Error advertising topic [/turtlebot3_waffle/joint_cmd]
(1745492041 61440620) [Err] [JointControlWidget.cc:393] Error advertising topic [/turtlebot3_waffle/joint_cmd]
(1745492161 986330585) [Err] [JointControlWidget.cc:393] Error advertising topic [/turtlebot3_waffle/joint_cmd]
(1745492366 307672815) [Err] [JointControlWidget.cc:393] Error advertising topic [/turtlebot3_waffle/joint_cmd]
(1745492374 499047127) [Err] [JointControlWidget.cc:393] Error advertising topic [/turtlebot3_waffle/joint_cmd]
(1745492417 354840857) [Err] [JointControlWidget.cc:393] Error advertising topic [/turtlebot3_waffle/joint_cmd]
(1745492423 35028222) [Err] [JointControlWidget.cc:393] Error advertising topic [/turtlebot3_waffle/joint_cmd]
(1745492696 799860162) [Err] [JointControlWidget.cc:393] Error advertising topic [/turtlebot3_waffle/joint_cmd]
(1745493288 87683560) [Err] [JointControlWidget.cc:393] Error advertising topic [/turtlebot3_waffle/joint_cmd]
(1745493326 634477677) [Err] [JointControlWidget.cc:393] Error advertising topic [/turtlebot3_waffle/joint_cmd]
(1745493341 952174344) [Err] [JointControlWidget.cc:393] Error advertising topic [/turtlebot3_waffle/joint_cmd]
(1745493347 262441780) [Err] [JointControlWidget.cc:393] Error advertising topic [/turtlebot3_waffle/joint_cmd]
(1745493524 939655885) [Err] [JointControlWidget.cc:393] Error advertising topic [/turtlebot3_waffle/joint_cmd]
(1745493627 241030877) [Err] [JointControlWidget.cc:393] Error advertising topic [/turtlebot3_waffle/joint_cmd]
(1745493634 581577283) [Err] [JointControlWidget.cc:393] Error advertising topic [/turtlebot3_waffle/joint_cmd]
(1745493835 960260909) [Err] [JointControlWidget.cc:393] Error advertising topic [/turtlebot3_waffle/joint_cmd]
(1745493843 395224420) [Err] [JointControlWidget.cc:393] Error advertising topic [/turtlebot3_waffle/joint_cmd]
(1745493896 753985496) [Err] [JointControlWidget.cc:393] Error advertising topic [/turtlebot3_waffle/joint_cmd]
(1745493918 748639458) [Err] [JointControlWidget.cc:393] Error advertising topic [/turtlebot3_waffle/joint_cmd]
(1745493926 20280284) [Err] [JointControlWidget.cc:393] Error advertising topic [/turtlebot3_waffle/joint_cmd]
(1745494889 968957558) [Err] [JointControlWidget.cc:393] Error advertising topic [/turtlebot3_waffle/joint_cmd]
(1745494995 111904915) [Err] [JointControlWidget.cc:393] Error advertising topic [/turtlebot3_waffle/joint_cmd]
(1745495000 850293395) [Err] [JointControlWidget.cc:393] Error advertising topic [/turtlebot3_waffle/joint_cmd]
(1745495749 752549730) [Err] [JointControlWidget.cc:393] Error advertising topic [/turtlebot3_waffle/joint_cmd]
(1745495911 942744355) [Err] [JointControlWidget.cc:393] Error advertising topic [/turtlebot3_waffle/joint_cmd]
(1745495934 575577592) [Err] [JointControlWidget.cc:393] Error advertising topic [/turtlebot3_waffle/joint_cmd]
(1745496694 185560307) [Err] [JointControlWidget.cc:393] Error advertising topic [/turtlebot3_waffle/joint_cmd]
(1745496699 683645370) [Err] [JointControlWidget.cc:393] Error advertising topic [/turtlebot3_waffle/joint_cmd]
(1745497003 278293981) [Err] [JointControlWidget.cc:393] Error advertising topic [/turtlebot3_waffle/joint_cmd]
(1745497006 609139167) [Wrn] [Publisher.cc:135] Queue limit reached for topic /gazebo/default/user_camera/pose, deleting message. This warning is printed only once.
(1745497509 501454016) [Err] [JointControlWidget.cc:393] Error advertising topic [/turtlebot3_waffle/joint_cmd]
(1745497576 970691394) [Err] [JointControlWidget.cc:393] Error advertising topic [/turtlebot3_waffle/joint_cmd]
(1745497674 106806024) [Err] [JointControlWidget.cc:393] Error advertising topic [/turtlebot3_waffle/joint_cmd]
(1745497684 937931690) [Err] [JointControlWidget.cc:393] Error advertising topic [/turtlebot3_waffle/joint_cmd]
(1745497689 907287433) [Err] [JointControlWidget.cc:393] Error advertising topic [/turtlebot3_waffle/joint_cmd]
